SF:lib/features/frontpage/data/models/article_model.dart
DA:5,0
DA:14,0
DA:24,1
DA:25,0
DA:26,1
DA:27,0
DA:28,0
DA:29,0
DA:30,0
DA:31,0
DA:32,0
DA:33,0
DA:36,0
DA:37,0
DA:38,0
DA:39,0
DA:40,0
DA:41,0
DA:42,0
DA:43,0
DA:44,0
DA:45,0
LF:22
LH:2
end_of_record
SF:lib/features/frontpage/domain/entities/article.dart
DA:13,1
DA:23,0
DA:24,0
DA:25,0
DA:26,0
DA:27,0
DA:28,0
DA:29,0
DA:30,0
DA:31,0
DA:32,0
DA:35,0
DA:36,0
DA:37,0
DA:38,0
DA:39,0
DA:40,0
DA:41,0
DA:42,0
DA:43,0
DA:44,0
LF:21
LH:1
end_of_record
SF:lib/features/frontpage/domain/entities/source.dart
DA:5,1
DA:7,0
DA:8,0
DA:11,0
DA:12,0
LF:5
LH:1
end_of_record
